<?xml version="1.0" encoding="UTF-8"?>
<!-- Generated by org.testng.reporters.JUnitReportReporter -->
<testsuite hostname="LAPTOP-JNGBS137" failures="0" tests="3" name="com.Excel_Read_1.Sample" time="55.563" errors="0" timestamp="2022-09-24T18:37:09 IST" skipped="0">
  <testcase classname="com.Excel_Read_1.Sample" name="test1" time="29.777"/>
  <system-out/>
  <testcase classname="com.Excel_Read_1.Sample" name="test2" time="2.518"/>
  <system-out/>
  <testcase classname="com.Excel_Read_1.Sample" name="test3" time="23.268"/>
  <system-out/>
</testsuite> <!-- com.Excel_Read_1.Sample -->
