<?xml version="1.0" encoding="UTF-8"?>
<!-- Generated by org.testng.reporters.JUnitReportReporter -->
<testsuite hostname="LAPTOP-JNGBS137" failures="0" tests="1" name="com.excelRead.GetToMapMultiCellRow" time="0.007" errors="0" timestamp="2022-09-21T22:01:02 IST" skipped="0">
  <testcase classname="com.excelRead.GetToMapMultiCellRow" name="excel" time="0.007"/>
  <system-out/>
</testsuite> <!-- com.excelRead.GetToMapMultiCellRow -->
