<?xml version="1.0" encoding="UTF-8"?>
<!-- Generated by org.testng.reporters.JUnitReportReporter -->
<testsuite hostname="LAPTOP-JNGBS137" failures="0" tests="4" name="com.excelRead.Test1" time="0.006" errors="0" timestamp="2022-09-21T22:09:57 IST" skipped="0">
  <testcase classname="com.excelRead.Test1" name="readValues1" time="0.000"/>
  <system-out/>
  <testcase classname="com.excelRead.Test1" name="readValues1" time="0.001"/>
  <system-out/>
  <testcase classname="com.excelRead.Test1" name="readValues" time="0.001"/>
  <system-out/>
  <testcase classname="com.excelRead.Test1" name="readValues" time="0.004"/>
  <system-out/>
</testsuite> <!-- com.excelRead.Test1 -->
