<?xml version="1.0" encoding="UTF-8"?>
<!-- Generated by org.testng.reporters.JUnitReportReporter -->
<testsuite hostname="LAPTOP-JNGBS137" failures="0" tests="1" name="com.Excel_Read_1.ReadExcel" time="3.675" errors="0" timestamp="2022-12-20T17:02:17 IST" skipped="0">
  <testcase classname="com.Excel_Read_1.ReadExcel" name="loadData" time="3.675"/>
  <system-out/>
</testsuite> <!-- com.Excel_Read_1.ReadExcel -->
