<?xml version="1.0" encoding="UTF-8"?>
<!-- Generated by org.testng.reporters.JUnitReportReporter -->
<testsuite hostname="LAPTOP-JNGBS137" failures="0" tests="4" name="com.Excel_Read_1.Test1" time="0.009" errors="0" timestamp="2022-09-21T22:17:26 IST" skipped="0">
  <testcase classname="com.Excel_Read_1.Test1" name="readValues1" time="0.001"/>
  <system-out/>
  <testcase classname="com.Excel_Read_1.Test1" name="readValues1" time="0.002"/>
  <system-out/>
  <testcase classname="com.Excel_Read_1.Test1" name="readValues" time="0.001"/>
  <system-out/>
  <testcase classname="com.Excel_Read_1.Test1" name="readValues" time="0.005"/>
  <system-out/>
</testsuite> <!-- com.Excel_Read_1.Test1 -->
