<?xml version="1.0" encoding="UTF-8"?>
<!-- Generated by org.testng.reporters.JUnitReportReporter -->
<testsuite hostname="LAPTOP-JNGBS137" failures="0" tests="1" name="com.Excel_Read_1.CompareXLSX_WebTable2" time="21.361" errors="0" timestamp="2022-12-19T10:26:04 IST" skipped="0">
  <testcase classname="com.Excel_Read_1.CompareXLSX_WebTable2" name="compareXL_WT" time="21.361"/>
  <system-out/>
</testsuite> <!-- com.Excel_Read_1.CompareXLSX_WebTable2 -->
