<?xml version="1.0" encoding="UTF-8"?>
<!-- Generated by org.testng.reporters.JUnitReportReporter -->
<testsuite hostname="LAPTOP-JNGBS137" failures="0" tests="1" name="com.Excel_Read_1.Test5" time="0.006" errors="0" timestamp="2022-09-24T09:03:41 IST" skipped="0">
  <testcase classname="com.Excel_Read_1.Test5" name="excel" time="0.006"/>
  <system-out/>
</testsuite> <!-- com.Excel_Read_1.Test5 -->
