<?xml version="1.0" encoding="UTF-8"?>
<!-- Generated by org.testng.reporters.JUnitReportReporter -->
<testsuite hostname="LAPTOP-JNGBS137" failures="0" tests="2" name="com.Excel_Read_1.ACATS_Excel_Read_1_1" time="0.006" errors="0" timestamp="2022-12-26T12:40:41 IST" skipped="0">
  <testcase classname="com.Excel_Read_1.ACATS_Excel_Read_1_1" name="getValues" time="0.006"/>
  <system-out/>
  <testcase classname="com.Excel_Read_1.ACATS_Excel_Read_1_1" name="getValues_Sheet2" time="0.000"/>
  <system-out/>
</testsuite> <!-- com.Excel_Read_1.ACATS_Excel_Read_1_1 -->
