<?xml version="1.0" encoding="UTF-8"?>
<!-- Generated by org.testng.reporters.JUnitReportReporter -->
<testsuite hostname="LAPTOP-JNGBS137" failures="0" tests="1" name="com.Excel_Read_1.CompareXLSX_WebTable" time="16.316" errors="0" timestamp="2022-09-24T13:30:27 IST" skipped="0">
  <testcase classname="com.Excel_Read_1.CompareXLSX_WebTable" name="compareXL_WT" time="16.316"/>
  <system-out/>
</testsuite> <!-- com.Excel_Read_1.CompareXLSX_WebTable -->
